<?xml version="1.0" encoding="UTF-8"?>
<testsuite xmlns:xsi="http://www.w3.org/2001/XMLSchema-instance" xsi:noNamespaceSchemaLocation="https://maven.apache.org/surefire/maven-surefire-plugin/xsd/surefire-test-report.xsd" version="3.0.2" name="org.axonframework.messaging.annotation.AnnotatedMessageHandlingMemberTest" time="0.691" tests="1" errors="0" skipped="0" failures="0">
  <properties>
    <property name="awt.toolkit" value="sun.awt.X11.XToolkit"/>
    <property name="java.specification.version" value="11"/>
    <property name="nondexStart" value="0"/>
    <property name="sun.cpu.isalist" value=""/>
    <property name="sun.jnu.encoding" value="UTF-8"/>
    <property name="java.class.path" value="/home/wtrzas2/AxonFramework/messaging/target/test-classes:/home/wtrzas2/AxonFramework/messaging/target/classes:/home/wtrzas2/.m2/repository/org/slf4j/slf4j-api/2.0.13/slf4j-api-2.0.13.jar:/home/wtrzas2/.m2/repository/jakarta/validation/jakarta.validation-api/3.1.0/jakarta.validation-api-3.1.0.jar:/home/wtrzas2/.m2/repository/javax/validation/validation-api/2.0.1.Final/validation-api-2.0.1.Final.jar:/home/wtrzas2/.m2/repository/javax/el/javax.el-api/3.0.1-b06/javax.el-api-3.0.1-b06.jar:/home/wtrzas2/.m2/repository/org/glassfish/web/el-impl/2.2/el-impl-2.2.jar:/home/wtrzas2/.m2/repository/javax/el/el-api/2.2/el-api-2.2.jar:/home/wtrzas2/.m2/repository/org/hibernate/validator/hibernate-validator/6.2.5.Final/hibernate-validator-6.2.5.Final.jar:/home/wtrzas2/.m2/repository/org/jboss/logging/jboss-logging/3.4.1.Final/jboss-logging-3.4.1.Final.jar:/home/wtrzas2/.m2/repository/com/fasterxml/classmate/1.5.1/classmate-1.5.1.jar:/home/wtrzas2/.m2/repository/org/quartz-scheduler/quartz/2.3.2/quartz-2.3.2.jar:/home/wtrzas2/.m2/repository/com/mchange/c3p0/0.9.5.4/c3p0-0.9.5.4.jar:/home/wtrzas2/.m2/repository/com/mchange/mchange-commons-java/0.2.15/mchange-commons-java-0.2.15.jar:/home/wtrzas2/.m2/repository/com/zaxxer/HikariCP-java7/2.4.13/HikariCP-java7-2.4.13.jar:/home/wtrzas2/.m2/repository/org/jobrunr/jobrunr/6.3.5/jobrunr-6.3.5.jar:/home/wtrzas2/.m2/repository/org/ow2/asm/asm/9.5/asm-9.5.jar:/home/wtrzas2/.m2/repository/com/github/kagkarlsson/db-scheduler/13.0.0/db-scheduler-13.0.0.jar:/home/wtrzas2/.m2/repository/com/google/code/gson/gson/2.11.0/gson-2.11.0.jar:/home/wtrzas2/.m2/repository/com/google/errorprone/error_prone_annotations/2.27.0/error_prone_annotations-2.27.0.jar:/home/wtrzas2/.m2/repository/io/projectreactor/reactor-core/3.6.8/reactor-core-3.6.8.jar:/home/wtrzas2/.m2/repository/org/reactivestreams/reactive-streams/1.0.4/reactive-streams-1.0.4.jar:/home/wtrzas2/.m2/repository/io/projectreactor/reactor-test/3.6.8/reactor-test-3.6.8.jar:/home/wtrzas2/.m2/repository/jakarta/persistence/jakarta.persistence-api/3.0.0/jakarta.persistence-api-3.0.0.jar:/home/wtrzas2/.m2/repository/javax/persistence/javax.persistence-api/2.2/javax.persistence-api-2.2.jar:/home/wtrzas2/.m2/repository/org/hibernate/hibernate-core/5.6.15.Final/hibernate-core-5.6.15.Final.jar:/home/wtrzas2/.m2/repository/net/bytebuddy/byte-buddy/1.14.18/byte-buddy-1.14.18.jar:/home/wtrzas2/.m2/repository/antlr/antlr/2.7.7/antlr-2.7.7.jar:/home/wtrzas2/.m2/repository/org/jboss/spec/javax/transaction/jboss-transaction-api_1.2_spec/1.1.1.Final/jboss-transaction-api_1.2_spec-1.1.1.Final.jar:/home/wtrzas2/.m2/repository/org/jboss/jandex/2.4.2.Final/jandex-2.4.2.Final.jar:/home/wtrzas2/.m2/repository/javax/activation/javax.activation-api/1.2.0/javax.activation-api-1.2.0.jar:/home/wtrzas2/.m2/repository/org/hibernate/common/hibernate-commons-annotations/5.1.2.Final/hibernate-commons-annotations-5.1.2.Final.jar:/home/wtrzas2/.m2/repository/javax/xml/bind/jaxb-api/2.3.1/jaxb-api-2.3.1.jar:/home/wtrzas2/.m2/repository/org/glassfish/jaxb/jaxb-runtime/2.3.1/jaxb-runtime-2.3.1.jar:/home/wtrzas2/.m2/repository/org/glassfish/jaxb/txw2/2.3.1/txw2-2.3.1.jar:/home/wtrzas2/.m2/repository/com/sun/istack/istack-commons-runtime/3.0.7/istack-commons-runtime-3.0.7.jar:/home/wtrzas2/.m2/repository/org/jvnet/staxex/stax-ex/1.8/stax-ex-1.8.jar:/home/wtrzas2/.m2/repository/com/sun/xml/fastinfoset/FastInfoset/1.2.15/FastInfoset-1.2.15.jar:/home/wtrzas2/.m2/repository/org/hsqldb/hsqldb/2.5.2/hsqldb-2.5.2.jar:/home/wtrzas2/.m2/repository/javax/cache/cache-api/1.1.1/cache-api-1.1.1.jar:/home/wtrzas2/.m2/repository/net/sf/ehcache/ehcache/2.10.9.2/ehcache-2.10.9.2.jar:/home/wtrzas2/.m2/repository/org/ehcache/ehcache/3.10.8/ehcache-3.10.8.jar:/home/wtrzas2/.m2/repository/com/thoughtworks/xstream/xstream/1.4.20/xstream-1.4.20.jar:/home/wtrzas2/.m2/repository/io/github/x-stream/mxparser/1.2.2/mxparser-1.2.2.jar:/home/wtrzas2/.m2/repository/xmlpull/xmlpull/1.1.3.1/xmlpull-1.1.3.1.jar:/home/wtrzas2/.m2/repository/org/dom4j/dom4j/2.1.4/dom4j-2.1.4.jar:/home/wtrzas2/.m2/repository/xom/xom/1.3.9/xom-1.3.9.jar:/home/wtrzas2/.m2/repository/xerces/xercesImpl/2.12.2/xercesImpl-2.12.2.jar:/home/wtrzas2/.m2/repository/xml-apis/xml-apis/1.4.01/xml-apis-1.4.01.jar:/home/wtrzas2/.m2/repository/com/google/code/findbugs/jsr305/3.0.2/jsr305-3.0.2.jar:/home/wtrzas2/.m2/repository/com/fasterxml/jackson/core/jackson-databind/2.17.2/jackson-databind-2.17.2.jar:/home/wtrzas2/.m2/repository/com/fasterxml/jackson/core/jackson-annotations/2.17.2/jackson-annotations-2.17.2.jar:/home/wtrzas2/.m2/repository/com/fasterxml/jackson/core/jackson-core/2.17.2/jackson-core-2.17.2.jar:/home/wtrzas2/.m2/repository/com/fasterxml/jackson/datatype/jackson-datatype-jsr310/2.17.2/jackson-datatype-jsr310-2.17.2.jar:/home/wtrzas2/.m2/repository/com/fasterxml/jackson/module/jackson-module-parameter-names/2.17.2/jackson-module-parameter-names-2.17.2.jar:/home/wtrzas2/.m2/repository/org/springframework/spring-test/5.3.37/spring-test-5.3.37.jar:/home/wtrzas2/.m2/repository/org/springframework/spring-core/5.3.37/spring-core-5.3.37.jar:/home/wtrzas2/.m2/repository/org/springframework/spring-jcl/5.3.37/spring-jcl-5.3.37.jar:/home/wtrzas2/.m2/repository/org/springframework/spring-context-support/5.3.37/spring-context-support-5.3.37.jar:/home/wtrzas2/.m2/repository/org/springframework/spring-beans/5.3.37/spring-beans-5.3.37.jar:/home/wtrzas2/.m2/repository/org/springframework/spring-context/5.3.37/spring-context-5.3.37.jar:/home/wtrzas2/.m2/repository/org/springframework/spring-expression/5.3.37/spring-expression-5.3.37.jar:/home/wtrzas2/.m2/repository/org/springframework/spring-tx/5.3.37/spring-tx-5.3.37.jar:/home/wtrzas2/.m2/repository/org/springframework/spring-orm/5.3.37/spring-orm-5.3.37.jar:/home/wtrzas2/.m2/repository/org/springframework/spring-jdbc/5.3.37/spring-jdbc-5.3.37.jar:/home/wtrzas2/.m2/repository/org/springframework/security/spring-security-config/5.8.13/spring-security-config-5.8.13.jar:/home/wtrzas2/.m2/repository/org/springframework/security/spring-security-core/5.8.13/spring-security-core-5.8.13.jar:/home/wtrzas2/.m2/repository/org/springframework/security/spring-security-crypto/5.8.13/spring-security-crypto-5.8.13.jar:/home/wtrzas2/.m2/repository/org/springframework/spring-aop/5.3.37/spring-aop-5.3.37.jar:/home/wtrzas2/.m2/repository/javax/inject/javax.inject/1/javax.inject-1.jar:/home/wtrzas2/.m2/repository/commons-io/commons-io/2.16.1/commons-io-2.16.1.jar:/home/wtrzas2/.m2/repository/org/hamcrest/hamcrest/2.2/hamcrest-2.2.jar:/home/wtrzas2/.m2/repository/org/awaitility/awaitility/4.2.1/awaitility-4.2.1.jar:/home/wtrzas2/.m2/repository/com/fasterxml/jackson/dataformat/jackson-dataformat-cbor/2.17.2/jackson-dataformat-cbor-2.17.2.jar:/home/wtrzas2/.m2/repository/org/junit/jupiter/junit-jupiter/5.10.3/junit-jupiter-5.10.3.jar:/home/wtrzas2/.m2/repository/org/junit/jupiter/junit-jupiter-api/5.10.3/junit-jupiter-api-5.10.3.jar:/home/wtrzas2/.m2/repository/org/opentest4j/opentest4j/1.3.0/opentest4j-1.3.0.jar:/home/wtrzas2/.m2/repository/org/junit/platform/junit-platform-commons/1.10.3/junit-platform-commons-1.10.3.jar:/home/wtrzas2/.m2/repository/org/apiguardian/apiguardian-api/1.1.2/apiguardian-api-1.1.2.jar:/home/wtrzas2/.m2/repository/org/junit/jupiter/junit-jupiter-params/5.10.3/junit-jupiter-params-5.10.3.jar:/home/wtrzas2/.m2/repository/org/junit/jupiter/junit-jupiter-engine/5.10.3/junit-jupiter-engine-5.10.3.jar:/home/wtrzas2/.m2/repository/org/junit/platform/junit-platform-engine/1.10.3/junit-platform-engine-1.10.3.jar:/home/wtrzas2/.m2/repository/org/mockito/mockito-core/4.11.0/mockito-core-4.11.0.jar:/home/wtrzas2/.m2/repository/net/bytebuddy/byte-buddy-agent/1.14.18/byte-buddy-agent-1.14.18.jar:/home/wtrzas2/.m2/repository/org/objenesis/objenesis/3.3/objenesis-3.3.jar:/home/wtrzas2/.m2/repository/org/mockito/mockito-junit-jupiter/4.11.0/mockito-junit-jupiter-4.11.0.jar:/home/wtrzas2/.m2/repository/org/slf4j/jul-to-slf4j/2.0.13/jul-to-slf4j-2.0.13.jar:/home/wtrzas2/.m2/repository/org/apache/logging/log4j/log4j-slf4j2-impl/2.23.1/log4j-slf4j2-impl-2.23.1.jar:/home/wtrzas2/.m2/repository/org/apache/logging/log4j/log4j-api/2.23.1/log4j-api-2.23.1.jar:/home/wtrzas2/.m2/repository/org/slf4j/jcl-over-slf4j/2.0.13/jcl-over-slf4j-2.0.13.jar:/home/wtrzas2/.m2/repository/org/apache/logging/log4j/log4j-core/2.23.1/log4j-core-2.23.1.jar:"/>
    <property name="java.vm.vendor" value="Amazon.com Inc."/>
    <property name="nondexPrintstack" value="false"/>
    <property name="sun.arch.data.model" value="64"/>
    <property name="java.vendor.url" value="https://aws.amazon.com/corretto/"/>
    <property name="slf4j.version" value="2.0.13"/>
    <property name="user.timezone" value="America/Chicago"/>
    <property name="os.name" value="Linux"/>
    <property name="java.vm.specification.version" value="11"/>
    <property name="log4j.version" value="2.23.1"/>
    <property name="sun.java.launcher" value="SUN_STANDARD"/>
    <property name="user.country" value="US"/>
    <property name="sun.boot.library.path" value="/home/wtrzas2/.sdkman/candidates/java/11.0.24-amzn/lib"/>
    <property name="nondexLogging" value="CONFIG"/>
    <property name="sun.java.command" value="/home/wtrzas2/AxonFramework/messaging/target/surefire/surefirebooter-20241017140456754_3.jar /home/wtrzas2/AxonFramework/messaging/target/surefire 2024-10-17T14-04-56_646-jvmRun1 surefire-20241017140456754_1tmp surefire_0-20241017140456754_2tmp"/>
    <property name="jdk.debug" value="release"/>
    <property name="test" value="org.axonframework.messaging.annotation.AnnotatedMessageHandlingMemberTest#attributeReturnsNonEmptyOptionalForMatchingAttributeKey"/>
    <property name="surefire.test.class.path" value="/home/wtrzas2/AxonFramework/messaging/target/test-classes:/home/wtrzas2/AxonFramework/messaging/target/classes:/home/wtrzas2/.m2/repository/org/slf4j/slf4j-api/2.0.13/slf4j-api-2.0.13.jar:/home/wtrzas2/.m2/repository/jakarta/validation/jakarta.validation-api/3.1.0/jakarta.validation-api-3.1.0.jar:/home/wtrzas2/.m2/repository/javax/validation/validation-api/2.0.1.Final/validation-api-2.0.1.Final.jar:/home/wtrzas2/.m2/repository/javax/el/javax.el-api/3.0.1-b06/javax.el-api-3.0.1-b06.jar:/home/wtrzas2/.m2/repository/org/glassfish/web/el-impl/2.2/el-impl-2.2.jar:/home/wtrzas2/.m2/repository/javax/el/el-api/2.2/el-api-2.2.jar:/home/wtrzas2/.m2/repository/org/hibernate/validator/hibernate-validator/6.2.5.Final/hibernate-validator-6.2.5.Final.jar:/home/wtrzas2/.m2/repository/org/jboss/logging/jboss-logging/3.4.1.Final/jboss-logging-3.4.1.Final.jar:/home/wtrzas2/.m2/repository/com/fasterxml/classmate/1.5.1/classmate-1.5.1.jar:/home/wtrzas2/.m2/repository/org/quartz-scheduler/quartz/2.3.2/quartz-2.3.2.jar:/home/wtrzas2/.m2/repository/com/mchange/c3p0/0.9.5.4/c3p0-0.9.5.4.jar:/home/wtrzas2/.m2/repository/com/mchange/mchange-commons-java/0.2.15/mchange-commons-java-0.2.15.jar:/home/wtrzas2/.m2/repository/com/zaxxer/HikariCP-java7/2.4.13/HikariCP-java7-2.4.13.jar:/home/wtrzas2/.m2/repository/org/jobrunr/jobrunr/6.3.5/jobrunr-6.3.5.jar:/home/wtrzas2/.m2/repository/org/ow2/asm/asm/9.5/asm-9.5.jar:/home/wtrzas2/.m2/repository/com/github/kagkarlsson/db-scheduler/13.0.0/db-scheduler-13.0.0.jar:/home/wtrzas2/.m2/repository/com/google/code/gson/gson/2.11.0/gson-2.11.0.jar:/home/wtrzas2/.m2/repository/com/google/errorprone/error_prone_annotations/2.27.0/error_prone_annotations-2.27.0.jar:/home/wtrzas2/.m2/repository/io/projectreactor/reactor-core/3.6.8/reactor-core-3.6.8.jar:/home/wtrzas2/.m2/repository/org/reactivestreams/reactive-streams/1.0.4/reactive-streams-1.0.4.jar:/home/wtrzas2/.m2/repository/io/projectreactor/reactor-test/3.6.8/reactor-test-3.6.8.jar:/home/wtrzas2/.m2/repository/jakarta/persistence/jakarta.persistence-api/3.0.0/jakarta.persistence-api-3.0.0.jar:/home/wtrzas2/.m2/repository/javax/persistence/javax.persistence-api/2.2/javax.persistence-api-2.2.jar:/home/wtrzas2/.m2/repository/org/hibernate/hibernate-core/5.6.15.Final/hibernate-core-5.6.15.Final.jar:/home/wtrzas2/.m2/repository/net/bytebuddy/byte-buddy/1.14.18/byte-buddy-1.14.18.jar:/home/wtrzas2/.m2/repository/antlr/antlr/2.7.7/antlr-2.7.7.jar:/home/wtrzas2/.m2/repository/org/jboss/spec/javax/transaction/jboss-transaction-api_1.2_spec/1.1.1.Final/jboss-transaction-api_1.2_spec-1.1.1.Final.jar:/home/wtrzas2/.m2/repository/org/jboss/jandex/2.4.2.Final/jandex-2.4.2.Final.jar:/home/wtrzas2/.m2/repository/javax/activation/javax.activation-api/1.2.0/javax.activation-api-1.2.0.jar:/home/wtrzas2/.m2/repository/org/hibernate/common/hibernate-commons-annotations/5.1.2.Final/hibernate-commons-annotations-5.1.2.Final.jar:/home/wtrzas2/.m2/repository/javax/xml/bind/jaxb-api/2.3.1/jaxb-api-2.3.1.jar:/home/wtrzas2/.m2/repository/org/glassfish/jaxb/jaxb-runtime/2.3.1/jaxb-runtime-2.3.1.jar:/home/wtrzas2/.m2/repository/org/glassfish/jaxb/txw2/2.3.1/txw2-2.3.1.jar:/home/wtrzas2/.m2/repository/com/sun/istack/istack-commons-runtime/3.0.7/istack-commons-runtime-3.0.7.jar:/home/wtrzas2/.m2/repository/org/jvnet/staxex/stax-ex/1.8/stax-ex-1.8.jar:/home/wtrzas2/.m2/repository/com/sun/xml/fastinfoset/FastInfoset/1.2.15/FastInfoset-1.2.15.jar:/home/wtrzas2/.m2/repository/org/hsqldb/hsqldb/2.5.2/hsqldb-2.5.2.jar:/home/wtrzas2/.m2/repository/javax/cache/cache-api/1.1.1/cache-api-1.1.1.jar:/home/wtrzas2/.m2/repository/net/sf/ehcache/ehcache/2.10.9.2/ehcache-2.10.9.2.jar:/home/wtrzas2/.m2/repository/org/ehcache/ehcache/3.10.8/ehcache-3.10.8.jar:/home/wtrzas2/.m2/repository/com/thoughtworks/xstream/xstream/1.4.20/xstream-1.4.20.jar:/home/wtrzas2/.m2/repository/io/github/x-stream/mxparser/1.2.2/mxparser-1.2.2.jar:/home/wtrzas2/.m2/repository/xmlpull/xmlpull/1.1.3.1/xmlpull-1.1.3.1.jar:/home/wtrzas2/.m2/repository/org/dom4j/dom4j/2.1.4/dom4j-2.1.4.jar:/home/wtrzas2/.m2/repository/xom/xom/1.3.9/xom-1.3.9.jar:/home/wtrzas2/.m2/repository/xerces/xercesImpl/2.12.2/xercesImpl-2.12.2.jar:/home/wtrzas2/.m2/repository/xml-apis/xml-apis/1.4.01/xml-apis-1.4.01.jar:/home/wtrzas2/.m2/repository/com/google/code/findbugs/jsr305/3.0.2/jsr305-3.0.2.jar:/home/wtrzas2/.m2/repository/com/fasterxml/jackson/core/jackson-databind/2.17.2/jackson-databind-2.17.2.jar:/home/wtrzas2/.m2/repository/com/fasterxml/jackson/core/jackson-annotations/2.17.2/jackson-annotations-2.17.2.jar:/home/wtrzas2/.m2/repository/com/fasterxml/jackson/core/jackson-core/2.17.2/jackson-core-2.17.2.jar:/home/wtrzas2/.m2/repository/com/fasterxml/jackson/datatype/jackson-datatype-jsr310/2.17.2/jackson-datatype-jsr310-2.17.2.jar:/home/wtrzas2/.m2/repository/com/fasterxml/jackson/module/jackson-module-parameter-names/2.17.2/jackson-module-parameter-names-2.17.2.jar:/home/wtrzas2/.m2/repository/org/springframework/spring-test/5.3.37/spring-test-5.3.37.jar:/home/wtrzas2/.m2/repository/org/springframework/spring-core/5.3.37/spring-core-5.3.37.jar:/home/wtrzas2/.m2/repository/org/springframework/spring-jcl/5.3.37/spring-jcl-5.3.37.jar:/home/wtrzas2/.m2/repository/org/springframework/spring-context-support/5.3.37/spring-context-support-5.3.37.jar:/home/wtrzas2/.m2/repository/org/springframework/spring-beans/5.3.37/spring-beans-5.3.37.jar:/home/wtrzas2/.m2/repository/org/springframework/spring-context/5.3.37/spring-context-5.3.37.jar:/home/wtrzas2/.m2/repository/org/springframework/spring-expression/5.3.37/spring-expression-5.3.37.jar:/home/wtrzas2/.m2/repository/org/springframework/spring-tx/5.3.37/spring-tx-5.3.37.jar:/home/wtrzas2/.m2/repository/org/springframework/spring-orm/5.3.37/spring-orm-5.3.37.jar:/home/wtrzas2/.m2/repository/org/springframework/spring-jdbc/5.3.37/spring-jdbc-5.3.37.jar:/home/wtrzas2/.m2/repository/org/springframework/security/spring-security-config/5.8.13/spring-security-config-5.8.13.jar:/home/wtrzas2/.m2/repository/org/springframework/security/spring-security-core/5.8.13/spring-security-core-5.8.13.jar:/home/wtrzas2/.m2/repository/org/springframework/security/spring-security-crypto/5.8.13/spring-security-crypto-5.8.13.jar:/home/wtrzas2/.m2/repository/org/springframework/spring-aop/5.3.37/spring-aop-5.3.37.jar:/home/wtrzas2/.m2/repository/javax/inject/javax.inject/1/javax.inject-1.jar:/home/wtrzas2/.m2/repository/commons-io/commons-io/2.16.1/commons-io-2.16.1.jar:/home/wtrzas2/.m2/repository/org/hamcrest/hamcrest/2.2/hamcrest-2.2.jar:/home/wtrzas2/.m2/repository/org/awaitility/awaitility/4.2.1/awaitility-4.2.1.jar:/home/wtrzas2/.m2/repository/com/fasterxml/jackson/dataformat/jackson-dataformat-cbor/2.17.2/jackson-dataformat-cbor-2.17.2.jar:/home/wtrzas2/.m2/repository/org/junit/jupiter/junit-jupiter/5.10.3/junit-jupiter-5.10.3.jar:/home/wtrzas2/.m2/repository/org/junit/jupiter/junit-jupiter-api/5.10.3/junit-jupiter-api-5.10.3.jar:/home/wtrzas2/.m2/repository/org/opentest4j/opentest4j/1.3.0/opentest4j-1.3.0.jar:/home/wtrzas2/.m2/repository/org/junit/platform/junit-platform-commons/1.10.3/junit-platform-commons-1.10.3.jar:/home/wtrzas2/.m2/repository/org/apiguardian/apiguardian-api/1.1.2/apiguardian-api-1.1.2.jar:/home/wtrzas2/.m2/repository/org/junit/jupiter/junit-jupiter-params/5.10.3/junit-jupiter-params-5.10.3.jar:/home/wtrzas2/.m2/repository/org/junit/jupiter/junit-jupiter-engine/5.10.3/junit-jupiter-engine-5.10.3.jar:/home/wtrzas2/.m2/repository/org/junit/platform/junit-platform-engine/1.10.3/junit-platform-engine-1.10.3.jar:/home/wtrzas2/.m2/repository/org/mockito/mockito-core/4.11.0/mockito-core-4.11.0.jar:/home/wtrzas2/.m2/repository/net/bytebuddy/byte-buddy-agent/1.14.18/byte-buddy-agent-1.14.18.jar:/home/wtrzas2/.m2/repository/org/objenesis/objenesis/3.3/objenesis-3.3.jar:/home/wtrzas2/.m2/repository/org/mockito/mockito-junit-jupiter/4.11.0/mockito-junit-jupiter-4.11.0.jar:/home/wtrzas2/.m2/repository/org/slf4j/jul-to-slf4j/2.0.13/jul-to-slf4j-2.0.13.jar:/home/wtrzas2/.m2/repository/org/apache/logging/log4j/log4j-slf4j2-impl/2.23.1/log4j-slf4j2-impl-2.23.1.jar:/home/wtrzas2/.m2/repository/org/apache/logging/log4j/log4j-api/2.23.1/log4j-api-2.23.1.jar:/home/wtrzas2/.m2/repository/org/slf4j/jcl-over-slf4j/2.0.13/jcl-over-slf4j-2.0.13.jar:/home/wtrzas2/.m2/repository/org/apache/logging/log4j/log4j-core/2.23.1/log4j-core-2.23.1.jar:"/>
    <property name="sun.cpu.endian" value="little"/>
    <property name="nondexExecid" value="clean_iGEdYvbDLFT8w9ODCvweh6u5djLGEv0ddOZc7bvBU="/>
    <property name="user.home" value="/home/wtrzas2"/>
    <property name="user.language" value="en"/>
    <property name="java.specification.vendor" value="Oracle Corporation"/>
    <property name="java.version.date" value="2024-07-16"/>
    <property name="java.home" value="/home/wtrzas2/.sdkman/candidates/java/11.0.24-amzn"/>
    <property name="file.separator" value="/"/>
    <property name="basedir" value="/home/wtrzas2/AxonFramework/messaging"/>
    <property name="java.vm.compressedOopsMode" value="32-bit"/>
    <property name="line.separator" value="&#10;"/>
    <property name="nondexEnd" value="9223372036854775807"/>
    <property name="java.specification.name" value="Java Platform API Specification"/>
    <property name="java.vm.specification.vendor" value="Oracle Corporation"/>
    <property name="java.awt.graphicsenv" value="sun.awt.X11GraphicsEnvironment"/>
    <property name="java.awt.headless" value="true"/>
    <property name="nondexFilter" value=".*"/>
    <property name="nondexSeed" value="933178"/>
    <property name="surefire.real.class.path" value="/home/wtrzas2/AxonFramework/messaging/target/surefire/surefirebooter-20241017140456754_3.jar"/>
    <property name="sun.management.compiler" value="HotSpot 64-Bit Tiered Compilers"/>
    <property name="java.runtime.version" value="11.0.24+8-LTS"/>
    <property name="user.name" value="wtrzas2"/>
    <property name="path.separator" value=":"/>
    <property name="os.version" value="5.15.0-122-generic"/>
    <property name="java.runtime.name" value="OpenJDK Runtime Environment"/>
    <property name="file.encoding" value="UTF-8"/>
    <property name="java.vm.name" value="OpenJDK 64-Bit Server VM"/>
    <property name="java.vendor.version" value="Corretto-11.0.24.8.1"/>
    <property name="localRepository" value="/home/wtrzas2/.m2/repository"/>
    <property name="nondexDir" value="/home/wtrzas2/AxonFramework/messaging/.nondex"/>
    <property name="nondexJarDir" value=".nondex"/>
    <property name="java.vendor.url.bug" value="https://github.com/corretto/corretto-11/issues/"/>
    <property name="java.io.tmpdir" value="/tmp"/>
    <property name="java.version" value="11.0.24"/>
    <property name="user.dir" value="/home/wtrzas2/AxonFramework/messaging"/>
    <property name="os.arch" value="amd64"/>
    <property name="nondexMode" value="FULL"/>
    <property name="java.vm.specification.name" value="Java Virtual Machine Specification"/>
    <property name="java.awt.printerjob" value="sun.print.PSPrinterJob"/>
    <property name="sun.os.patch.level" value="unknown"/>
    <property name="java.library.path" value="/usr/java/packages/lib:/usr/lib64:/lib64:/lib:/usr/lib"/>
    <property name="java.vm.info" value="mixed mode"/>
    <property name="java.vendor" value="Amazon.com Inc."/>
    <property name="java.vm.version" value="11.0.24+8-LTS"/>
    <property name="java.specification.maintenance.version" value="2"/>
    <property name="sun.io.unicode.encoding" value="UnicodeLittle"/>
    <property name="java.class.version" value="55.0"/>
  </properties>
  <testcase name="attributeReturnsNonEmptyOptionalForMatchingAttributeKey" classname="org.axonframework.messaging.annotation.AnnotatedMessageHandlingMemberTest" time="0.612"/>
</testsuite>